2016-12-26 16:45:38	No suitable servers found (`serverselectiontryonce` set): [Failed connecting to '127.0.0.1:27017': Connection refused]
	1) /var/www/MiliSystem/index.php(3): require_once('/var/www/MiliSy...')
	2) /var/www/MiliSystem/controller/Controller.php(34): Controller->__construct()
	3) /var/www/MiliSystem/controller/Controller.php(22): Database::connect()
	4) /var/www/MiliSystem/class/database/Database.php(26): MongoDatabaseDriver->connect()
2016-12-26 16:45:38	O sistema não pôde conectar ao banco de dados
	1) /var/www/MiliSystem/index.php(3): require_once('/var/www/MiliSy...')
	2) /var/www/MiliSystem/controller/Controller.php(34): Controller->__construct()
2016-12-27 01:42:40	The following From address failed: libertas@libertas.org : MAIL FROM command failed,Authentication Required. Learn more at
 https://support.google.com/mail/?p=WantAuthError s65sm27778623qtd.2 - gsmtp
,530,5.5.1SMTP server error: MAIL FROM command failed Detail: Authentication Required. Learn more at
 https://support.google.com/mail/?p=WantAuthError s65sm27778623qtd.2 - gsmtp
 SMTP code: 530 Additional SMTP info: 5.5.1SMTP server error: MAIL FROM command failed Detail: Authentication Required. Learn more at
 https://support.google.com/mail/?p=WantAuthError s65sm27778623qtd.2 - gsmtp
 SMTP code: 530 Additional SMTP info: 5.5.1
	1) /var/www/MiliSystem/index.php(3): require_once('/var/www/MiliSy...')
	2) /var/www/MiliSystem/controller/Controller.php(34): Controller->__construct()
	3) /var/www/MiliSystem/controller/Controller.php(27): Page::loadPage()
	4) /var/www/MiliSystem/class/page/Page.php(35): ReflectionClass->newInstance(NULL)
	5) [internal function]: userSignUp\Page->__construct(NULL)
	6) /var/www/MiliSystem/pages/userSignUp/Page.php(39): userSignUp\Page->handleRequest()
	7) /var/www/MiliSystem/pages/userSignUp/Page.php(71): userSignUp\Page->sendMail()
2016-12-27 01:43:07	The following From address failed: libertas@libertas.org : MAIL FROM command failed,Authentication Required. Learn more at
 https://support.google.com/mail/?p=WantAuthError i190sm27730224qke.9 - gsmtp
,530,5.5.1SMTP server error: MAIL FROM command failed Detail: Authentication Required. Learn more at
 https://support.google.com/mail/?p=WantAuthError i190sm27730224qke.9 - gsmtp
 SMTP code: 530 Additional SMTP info: 5.5.1SMTP server error: MAIL FROM command failed Detail: Authentication Required. Learn more at
 https://support.google.com/mail/?p=WantAuthError i190sm27730224qke.9 - gsmtp
 SMTP code: 530 Additional SMTP info: 5.5.1
	1) /var/www/MiliSystem/index.php(3): require_once('/var/www/MiliSy...')
	2) /var/www/MiliSystem/controller/Controller.php(34): Controller->__construct()
	3) /var/www/MiliSystem/controller/Controller.php(27): Page::loadPage()
	4) /var/www/MiliSystem/class/page/Page.php(35): ReflectionClass->newInstance(NULL)
	5) [internal function]: userSignUp\Page->__construct(NULL)
	6) /var/www/MiliSystem/pages/userSignUp/Page.php(39): userSignUp\Page->handleRequest()
	7) /var/www/MiliSystem/pages/userSignUp/Page.php(71): userSignUp\Page->sendMail()
2016-12-27 01:47:37	The following From address failed: libertas@libertas.org : MAIL FROM command failed,Authentication Required. Learn more at
 https://support.google.com/mail/?p=WantAuthError 21sm27696643qkh.4 - gsmtp
,530,5.5.1SMTP server error: MAIL FROM command failed Detail: Authentication Required. Learn more at
 https://support.google.com/mail/?p=WantAuthError 21sm27696643qkh.4 - gsmtp
 SMTP code: 530 Additional SMTP info: 5.5.1SMTP server error: MAIL FROM command failed Detail: Authentication Required. Learn more at
 https://support.google.com/mail/?p=WantAuthError 21sm27696643qkh.4 - gsmtp
 SMTP code: 530 Additional SMTP info: 5.5.1
	1) /var/www/MiliSystem/index.php(3): require_once('/var/www/MiliSy...')
	2) /var/www/MiliSystem/controller/Controller.php(34): Controller->__construct()
	3) /var/www/MiliSystem/controller/Controller.php(27): Page::loadPage()
	4) /var/www/MiliSystem/class/page/Page.php(35): ReflectionClass->newInstance(NULL)
	5) [internal function]: userSignUp\Page->__construct(NULL)
	6) /var/www/MiliSystem/pages/userSignUp/Page.php(39): userSignUp\Page->handleRequest()
	7) /var/www/MiliSystem/pages/userSignUp/Page.php(71): userSignUp\Page->sendMail()
